app/build/intermediates/manifest_merge_blame_file/release/manifest-merger-blame-release-report.txt
1<?xml version="1.0" encoding="utf-8"?>
2<manifest xmlns:android="http://schemas.android.com/apk/res/android"
3    package="com.dabbssolutions.speakforme"
4    android:versionCode="2"
5    android:versionName="1.0" >
6
7    <uses-sdk
8        android:minSdkVersion="24"
8-->src/main/AndroidManifest.xml
9        android:targetSdkVersion="32" />
9-->src/main/AndroidManifest.xml
10
11    <uses-permission android:name="android.permission.RECORD_AUDIO" />
11-->src/main/AndroidManifest.xml:4:5-70
11-->src/main/AndroidManifest.xml:4:22-68
12    <uses-permission android:name="android.permission.READ_EXTERNAL_STORAGE" />
12-->src/main/AndroidManifest.xml:5:5-80
12-->src/main/AndroidManifest.xml:5:22-77
13    <uses-permission android:name="android.permission.INTERNET" />
13-->src/main/AndroidManifest.xml:6:5-66
13-->src/main/AndroidManifest.xml:6:22-64
14
15    <queries>
15-->src/main/AndroidManifest.xml:26:5-30:15
16        <intent>
16-->src/main/AndroidManifest.xml:27:9-29:18
17            <action android:name="android.intent.action.TTS_SERVICE" />
17-->src/main/AndroidManifest.xml:28:13-72
17-->src/main/AndroidManifest.xml:28:21-69
18        </intent>
19    </queries>
20
21    <application
21-->src/main/AndroidManifest.xml:7:5-25:19
22        android:allowBackup="true"
22-->src/main/AndroidManifest.xml:8:9-35
23        android:appComponentFactory="androidx.core.app.CoreComponentFactory"
23-->[androidx.core:core:1.5.0] AndroidManifest.xml:24:18-86
24        android:extractNativeLibs="false"
25        android:icon="@drawable/logo"
25-->src/main/AndroidManifest.xml:9:9-38
26        android:label="@string/app_name"
26-->src/main/AndroidManifest.xml:10:9-41
27        android:roundIcon="@drawable/logo"
27-->src/main/AndroidManifest.xml:11:9-43
28        android:supportsRtl="true"
28-->src/main/AndroidManifest.xml:12:9-35
29        android:theme="@style/Theme.SpeakForMe" >
29-->src/main/AndroidManifest.xml:14:9-48
30        <activity
30-->src/main/AndroidManifest.xml:15:9-22:20
31            android:name="com.dabbssolutions.speakforme.Splash"
31-->src/main/AndroidManifest.xml:15:19-41
32            android:exported="true" >
32-->src/main/AndroidManifest.xml:16:13-36
33            <intent-filter>
33-->src/main/AndroidManifest.xml:17:13-21:29
34                <action android:name="android.intent.action.MAIN" />
34-->src/main/AndroidManifest.xml:18:17-69
34-->src/main/AndroidManifest.xml:18:25-66
35
36                <category android:name="android.intent.category.LAUNCHER" />
36-->src/main/AndroidManifest.xml:20:17-77
36-->src/main/AndroidManifest.xml:20:27-74
37            </intent-filter>
38        </activity>
39        <activity android:name="com.dabbssolutions.speakforme.MainActivity" />
39-->src/main/AndroidManifest.xml:23:9-59
39-->src/main/AndroidManifest.xml:23:19-47
40    </application>
41
42</manifest>